2023-12-21T08:55:03.601+07:00  INFO 13736 --- [main] i.b.s.SpringbootProjectApplication       : Starting SpringbootProjectApplication using Java 17.0.9 with PID 13736 (C:\Users\oktav\web\springboot\springboot-project\target\classes started by oktav in C:\Users\oktav\web\springboot\springboot-project)
2023-12-21T08:55:03.614+07:00  INFO 13736 --- [main] i.b.s.SpringbootProjectApplication       : No active profile set, falling back to 1 default profile: "default"
2023-12-21T08:55:05.148+07:00  INFO 13736 --- [main] o.s.b.w.embedded.tomcat.TomcatWebServer  : Tomcat initialized with port 8080 (http)
2023-12-21T08:55:05.167+07:00  INFO 13736 --- [main] o.apache.catalina.core.StandardService   : Starting service [Tomcat]
2023-12-21T08:55:05.167+07:00  INFO 13736 --- [main] o.apache.catalina.core.StandardEngine    : Starting Servlet engine: [Apache Tomcat/10.1.16]
2023-12-21T08:55:05.274+07:00  INFO 13736 --- [main] o.a.c.c.C.[Tomcat].[localhost].[/]       : Initializing Spring embedded WebApplicationContext
2023-12-21T08:55:05.274+07:00  INFO 13736 --- [main] w.s.c.ServletWebServerApplicationContext : Root WebApplicationContext: initialization completed in 1553 ms
2023-12-21T08:55:05.903+07:00  INFO 13736 --- [main] o.s.b.w.embedded.tomcat.TomcatWebServer  : Tomcat started on port 8080 (http) with context path ''
2023-12-21T08:55:05.918+07:00  INFO 13736 --- [main] i.b.s.SpringbootProjectApplication       : Started SpringbootProjectApplication in 3.143 seconds (process running for 3.771)
2023-12-21T08:56:03.620+07:00  INFO 14008 --- [main] i.b.s.SpringbootProjectApplication       : Starting SpringbootProjectApplication using Java 17.0.9 with PID 14008 (C:\Users\oktav\web\springboot\springboot-project\target\classes started by oktav in C:\Users\oktav\web\springboot\springboot-project)
2023-12-21T08:56:03.627+07:00  INFO 14008 --- [main] i.b.s.SpringbootProjectApplication       : No active profile set, falling back to 1 default profile: "default"
2023-12-21T08:56:05.103+07:00  INFO 14008 --- [main] o.s.b.w.embedded.tomcat.TomcatWebServer  : Tomcat initialized with port 8080 (http)
2023-12-21T08:56:05.117+07:00  INFO 14008 --- [main] o.apache.catalina.core.StandardService   : Starting service [Tomcat]
2023-12-21T08:56:05.118+07:00  INFO 14008 --- [main] o.apache.catalina.core.StandardEngine    : Starting Servlet engine: [Apache Tomcat/10.1.16]
2023-12-21T08:56:05.212+07:00  INFO 14008 --- [main] o.a.c.c.C.[Tomcat].[localhost].[/]       : Initializing Spring embedded WebApplicationContext
2023-12-21T08:56:05.213+07:00  INFO 14008 --- [main] w.s.c.ServletWebServerApplicationContext : Root WebApplicationContext: initialization completed in 1500 ms
2023-12-21T08:56:05.757+07:00  INFO 14008 --- [main] o.s.b.w.embedded.tomcat.TomcatWebServer  : Tomcat started on port 8080 (http) with context path ''
2023-12-21T08:56:05.765+07:00  INFO 14008 --- [main] i.b.s.SpringbootProjectApplication       : Started SpringbootProjectApplication in 2.815 seconds (process running for 3.273)
2023-12-21T09:00:17.703+07:00  INFO 14008 --- [http-nio-8080-exec-2] o.apache.coyote.http11.Http11Processor   : Error parsing HTTP request header
 Note: further occurrences of HTTP request parsing errors will be logged at DEBUG level.

java.lang.IllegalArgumentException: Invalid character found in method name [0x160x030x010x02L0x010x000x02H0x030x030x06P0xfa0xc7D0xd2Wtx|0xac0x0b0x8f0x900xdb0x820x050x8a0xf00xeck0xa80xc00xe60x1e0xcd\0xd50x0b$0xf30xcd ]. HTTP method names must be tokens
	at org.apache.coyote.http11.Http11InputBuffer.parseRequestLine(Http11InputBuffer.java:407) ~[tomcat-embed-core-10.1.16.jar:10.1.16]
	at org.apache.coyote.http11.Http11Processor.service(Http11Processor.java:264) ~[tomcat-embed-core-10.1.16.jar:10.1.16]
	at org.apache.coyote.AbstractProcessorLight.process(AbstractProcessorLight.java:63) ~[tomcat-embed-core-10.1.16.jar:10.1.16]
	at org.apache.coyote.AbstractProtocol$ConnectionHandler.process(AbstractProtocol.java:896) ~[tomcat-embed-core-10.1.16.jar:10.1.16]
	at org.apache.tomcat.util.net.NioEndpoint$SocketProcessor.doRun(NioEndpoint.java:1744) ~[tomcat-embed-core-10.1.16.jar:10.1.16]
	at org.apache.tomcat.util.net.SocketProcessorBase.run(SocketProcessorBase.java:52) ~[tomcat-embed-core-10.1.16.jar:10.1.16]
	at org.apache.tomcat.util.threads.ThreadPoolExecutor.runWorker(ThreadPoolExecutor.java:1191) ~[tomcat-embed-core-10.1.16.jar:10.1.16]
	at org.apache.tomcat.util.threads.ThreadPoolExecutor$Worker.run(ThreadPoolExecutor.java:659) ~[tomcat-embed-core-10.1.16.jar:10.1.16]
	at org.apache.tomcat.util.threads.TaskThread$WrappingRunnable.run(TaskThread.java:61) ~[tomcat-embed-core-10.1.16.jar:10.1.16]
	at java.base/java.lang.Thread.run(Thread.java:840) ~[na:na]

2023-12-21T09:01:03.555+07:00  INFO 14008 --- [http-nio-8080-exec-7] o.a.c.c.C.[Tomcat].[localhost].[/]       : Initializing Spring DispatcherServlet 'dispatcherServlet'
2023-12-21T09:01:03.559+07:00  INFO 14008 --- [http-nio-8080-exec-7] o.s.web.servlet.DispatcherServlet        : Initializing Servlet 'dispatcherServlet'
2023-12-21T09:01:03.559+07:00  INFO 14008 --- [http-nio-8080-exec-7] o.s.web.servlet.DispatcherServlet        : Completed initialization in 0 ms
2023-12-21T09:09:14.316+07:00  INFO 25560 --- [main] i.b.s.SpringbootProjectApplication       : Starting SpringbootProjectApplication using Java 17.0.9 with PID 25560 (C:\Users\oktav\web\springboot\springboot-project\target\classes started by oktav in C:\Users\oktav\web\springboot\springboot-project)
2023-12-21T09:09:14.323+07:00  INFO 25560 --- [main] i.b.s.SpringbootProjectApplication       : No active profile set, falling back to 1 default profile: "default"
2023-12-21T09:09:15.890+07:00  INFO 25560 --- [main] o.s.b.w.embedded.tomcat.TomcatWebServer  : Tomcat initialized with port 8080 (http)
2023-12-21T09:09:15.905+07:00  INFO 25560 --- [main] o.apache.catalina.core.StandardService   : Starting service [Tomcat]
2023-12-21T09:09:15.906+07:00  INFO 25560 --- [main] o.apache.catalina.core.StandardEngine    : Starting Servlet engine: [Apache Tomcat/10.1.16]
2023-12-21T09:09:15.987+07:00  INFO 25560 --- [main] o.a.c.c.C.[Tomcat].[localhost].[/]       : Initializing Spring embedded WebApplicationContext
2023-12-21T09:09:15.988+07:00  INFO 25560 --- [main] w.s.c.ServletWebServerApplicationContext : Root WebApplicationContext: initialization completed in 1586 ms
2023-12-21T09:09:16.609+07:00  INFO 25560 --- [main] o.s.b.w.embedded.tomcat.TomcatWebServer  : Tomcat started on port 8080 (http) with context path ''
2023-12-21T09:09:16.620+07:00  INFO 25560 --- [main] i.b.s.SpringbootProjectApplication       : Started SpringbootProjectApplication in 2.986 seconds (process running for 3.439)
2023-12-21T09:09:21.159+07:00  INFO 25560 --- [http-nio-8080-exec-1] o.a.c.c.C.[Tomcat].[localhost].[/]       : Initializing Spring DispatcherServlet 'dispatcherServlet'
2023-12-21T09:09:21.160+07:00  INFO 25560 --- [http-nio-8080-exec-1] o.s.web.servlet.DispatcherServlet        : Initializing Servlet 'dispatcherServlet'
2023-12-21T09:09:21.161+07:00  INFO 25560 --- [http-nio-8080-exec-1] o.s.web.servlet.DispatcherServlet        : Completed initialization in 1 ms
2023-12-21T09:12:06.338+07:00  INFO 13904 --- [main] i.b.s.SpringbootProjectApplication       : Starting SpringbootProjectApplication using Java 17.0.9 with PID 13904 (C:\Users\oktav\web\springboot\springboot-project\target\classes started by oktav in C:\Users\oktav\web\springboot\springboot-project)
2023-12-21T09:12:06.343+07:00  INFO 13904 --- [main] i.b.s.SpringbootProjectApplication       : No active profile set, falling back to 1 default profile: "default"
2023-12-21T09:12:08.268+07:00  INFO 13904 --- [main] o.s.b.w.embedded.tomcat.TomcatWebServer  : Tomcat initialized with port 8080 (http)
2023-12-21T09:12:08.280+07:00  INFO 13904 --- [main] o.apache.catalina.core.StandardService   : Starting service [Tomcat]
2023-12-21T09:12:08.280+07:00  INFO 13904 --- [main] o.apache.catalina.core.StandardEngine    : Starting Servlet engine: [Apache Tomcat/10.1.16]
2023-12-21T09:12:08.408+07:00  INFO 13904 --- [main] o.a.c.c.C.[Tomcat].[localhost].[/]       : Initializing Spring embedded WebApplicationContext
2023-12-21T09:12:08.409+07:00  INFO 13904 --- [main] w.s.c.ServletWebServerApplicationContext : Root WebApplicationContext: initialization completed in 1983 ms
2023-12-21T09:12:08.970+07:00  INFO 13904 --- [main] o.s.b.w.embedded.tomcat.TomcatWebServer  : Tomcat started on port 8080 (http) with context path ''
2023-12-21T09:12:08.979+07:00  INFO 13904 --- [main] i.b.s.SpringbootProjectApplication       : Started SpringbootProjectApplication in 3.323 seconds (process running for 3.777)
2023-12-21T09:12:10.399+07:00  INFO 13904 --- [http-nio-8080-exec-1] o.a.c.c.C.[Tomcat].[localhost].[/]       : Initializing Spring DispatcherServlet 'dispatcherServlet'
2023-12-21T09:12:10.400+07:00  INFO 13904 --- [http-nio-8080-exec-1] o.s.web.servlet.DispatcherServlet        : Initializing Servlet 'dispatcherServlet'
2023-12-21T09:12:10.401+07:00  INFO 13904 --- [http-nio-8080-exec-1] o.s.web.servlet.DispatcherServlet        : Completed initialization in 1 ms
2023-12-21T09:13:42.866+07:00  INFO 5192 --- [main] i.b.s.SpringbootProjectApplication       : Starting SpringbootProjectApplication using Java 17.0.9 with PID 5192 (C:\Users\oktav\web\springboot\springboot-project\target\classes started by oktav in C:\Users\oktav\web\springboot\springboot-project)
2023-12-21T09:13:42.871+07:00  INFO 5192 --- [main] i.b.s.SpringbootProjectApplication       : No active profile set, falling back to 1 default profile: "default"
2023-12-21T09:13:44.447+07:00  INFO 5192 --- [main] o.s.b.w.embedded.tomcat.TomcatWebServer  : Tomcat initialized with port 8080 (http)
2023-12-21T09:13:44.457+07:00  INFO 5192 --- [main] o.apache.catalina.core.StandardService   : Starting service [Tomcat]
2023-12-21T09:13:44.457+07:00  INFO 5192 --- [main] o.apache.catalina.core.StandardEngine    : Starting Servlet engine: [Apache Tomcat/10.1.16]
2023-12-21T09:13:44.530+07:00  INFO 5192 --- [main] o.a.c.c.C.[Tomcat].[localhost].[/]       : Initializing Spring embedded WebApplicationContext
2023-12-21T09:13:44.531+07:00  INFO 5192 --- [main] w.s.c.ServletWebServerApplicationContext : Root WebApplicationContext: initialization completed in 1575 ms
2023-12-21T09:13:45.293+07:00  INFO 5192 --- [main] o.s.b.w.embedded.tomcat.TomcatWebServer  : Tomcat started on port 8080 (http) with context path ''
2023-12-21T09:13:45.309+07:00  INFO 5192 --- [main] i.b.s.SpringbootProjectApplication       : Started SpringbootProjectApplication in 3.15 seconds (process running for 3.653)
2023-12-21T09:14:20.856+07:00  INFO 15196 --- [main] i.b.s.SpringbootProjectApplication       : Starting SpringbootProjectApplication using Java 17.0.9 with PID 15196 (C:\Users\oktav\web\springboot\springboot-project\target\classes started by oktav in C:\Users\oktav\web\springboot\springboot-project)
2023-12-21T09:14:20.863+07:00  INFO 15196 --- [main] i.b.s.SpringbootProjectApplication       : No active profile set, falling back to 1 default profile: "default"
2023-12-21T09:14:22.342+07:00  INFO 15196 --- [main] o.s.b.w.embedded.tomcat.TomcatWebServer  : Tomcat initialized with port 5500 (http)
2023-12-21T09:14:22.360+07:00  INFO 15196 --- [main] o.apache.catalina.core.StandardService   : Starting service [Tomcat]
2023-12-21T09:14:22.361+07:00  INFO 15196 --- [main] o.apache.catalina.core.StandardEngine    : Starting Servlet engine: [Apache Tomcat/10.1.16]
2023-12-21T09:14:22.457+07:00  INFO 15196 --- [main] o.a.c.c.C.[Tomcat].[localhost].[/]       : Initializing Spring embedded WebApplicationContext
2023-12-21T09:14:22.458+07:00  INFO 15196 --- [main] w.s.c.ServletWebServerApplicationContext : Root WebApplicationContext: initialization completed in 1518 ms
2023-12-21T09:14:23.088+07:00  WARN 15196 --- [main] ConfigServletWebServerApplicationContext : Exception encountered during context initialization - cancelling refresh attempt: org.springframework.context.ApplicationContextException: Failed to start bean 'webServerStartStop'
2023-12-21T09:14:23.106+07:00  INFO 15196 --- [main] .s.b.a.l.ConditionEvaluationReportLogger : 

Error starting ApplicationContext. To display the condition evaluation report re-run your application with 'debug' enabled.
2023-12-21T09:14:23.130+07:00 ERROR 15196 --- [main] o.s.b.d.LoggingFailureAnalysisReporter   : 

***************************
APPLICATION FAILED TO START
***************************

Description:

Web server failed to start. Port 5500 was already in use.

Action:

Identify and stop the process that's listening on port 5500 or configure this application to listen on another port.

2023-12-21T09:14:44.389+07:00  INFO 20436 --- [main] i.b.s.SpringbootProjectApplication       : Starting SpringbootProjectApplication using Java 17.0.9 with PID 20436 (C:\Users\oktav\web\springboot\springboot-project\target\classes started by oktav in C:\Users\oktav\web\springboot\springboot-project)
2023-12-21T09:14:44.396+07:00  INFO 20436 --- [main] i.b.s.SpringbootProjectApplication       : No active profile set, falling back to 1 default profile: "default"
2023-12-21T09:14:45.986+07:00  INFO 20436 --- [main] o.s.b.w.embedded.tomcat.TomcatWebServer  : Tomcat initialized with port 8080 (http)
2023-12-21T09:14:46.003+07:00  INFO 20436 --- [main] o.apache.catalina.core.StandardService   : Starting service [Tomcat]
2023-12-21T09:14:46.004+07:00  INFO 20436 --- [main] o.apache.catalina.core.StandardEngine    : Starting Servlet engine: [Apache Tomcat/10.1.16]
2023-12-21T09:14:46.114+07:00  INFO 20436 --- [main] o.a.c.c.C.[Tomcat].[localhost].[/]       : Initializing Spring embedded WebApplicationContext
2023-12-21T09:14:46.115+07:00  INFO 20436 --- [main] w.s.c.ServletWebServerApplicationContext : Root WebApplicationContext: initialization completed in 1636 ms
2023-12-21T09:14:46.793+07:00  INFO 20436 --- [main] o.s.b.w.embedded.tomcat.TomcatWebServer  : Tomcat started on port 8080 (http) with context path ''
2023-12-21T09:14:46.802+07:00  INFO 20436 --- [main] i.b.s.SpringbootProjectApplication       : Started SpringbootProjectApplication in 3.101 seconds (process running for 3.595)
2023-12-21T09:14:50.681+07:00  INFO 20436 --- [http-nio-8080-exec-1] o.a.c.c.C.[Tomcat].[localhost].[/]       : Initializing Spring DispatcherServlet 'dispatcherServlet'
2023-12-21T09:14:50.682+07:00  INFO 20436 --- [http-nio-8080-exec-1] o.s.web.servlet.DispatcherServlet        : Initializing Servlet 'dispatcherServlet'
2023-12-21T09:14:50.683+07:00  INFO 20436 --- [http-nio-8080-exec-1] o.s.web.servlet.DispatcherServlet        : Completed initialization in 1 ms
2023-12-21T09:16:30.336+07:00  INFO 12776 --- [main] i.b.s.SpringbootProjectApplication       : Starting SpringbootProjectApplication using Java 17.0.9 with PID 12776 (C:\Users\oktav\web\springboot\springboot-project\target\classes started by oktav in C:\Users\oktav\web\springboot\springboot-project)
2023-12-21T09:16:30.343+07:00  INFO 12776 --- [main] i.b.s.SpringbootProjectApplication       : No active profile set, falling back to 1 default profile: "default"
2023-12-21T09:16:32.025+07:00  INFO 12776 --- [main] o.s.b.w.embedded.tomcat.TomcatWebServer  : Tomcat initialized with port 8080 (http)
2023-12-21T09:16:32.039+07:00  INFO 12776 --- [main] o.apache.catalina.core.StandardService   : Starting service [Tomcat]
2023-12-21T09:16:32.039+07:00  INFO 12776 --- [main] o.apache.catalina.core.StandardEngine    : Starting Servlet engine: [Apache Tomcat/10.1.16]
2023-12-21T09:16:32.118+07:00  INFO 12776 --- [main] o.a.c.c.C.[Tomcat].[localhost].[/]       : Initializing Spring embedded WebApplicationContext
2023-12-21T09:16:32.119+07:00  INFO 12776 --- [main] w.s.c.ServletWebServerApplicationContext : Root WebApplicationContext: initialization completed in 1696 ms
2023-12-21T09:16:32.744+07:00  INFO 12776 --- [main] o.s.b.w.embedded.tomcat.TomcatWebServer  : Tomcat started on port 8080 (http) with context path ''
2023-12-21T09:16:32.753+07:00  INFO 12776 --- [main] i.b.s.SpringbootProjectApplication       : Started SpringbootProjectApplication in 3.085 seconds (process running for 3.557)
2023-12-21T09:16:37.208+07:00  INFO 12776 --- [http-nio-8080-exec-1] o.a.c.c.C.[Tomcat].[localhost].[/]       : Initializing Spring DispatcherServlet 'dispatcherServlet'
2023-12-21T09:16:37.208+07:00  INFO 12776 --- [http-nio-8080-exec-1] o.s.web.servlet.DispatcherServlet        : Initializing Servlet 'dispatcherServlet'
2023-12-21T09:16:37.209+07:00  INFO 12776 --- [http-nio-8080-exec-1] o.s.web.servlet.DispatcherServlet        : Completed initialization in 1 ms
2023-12-21T09:17:32.820+07:00  INFO 23792 --- [main] i.b.s.SpringbootProjectApplication       : Starting SpringbootProjectApplication using Java 17.0.9 with PID 23792 (C:\Users\oktav\web\springboot\springboot-project\target\classes started by oktav in C:\Users\oktav\web\springboot\springboot-project)
2023-12-21T09:17:32.825+07:00  INFO 23792 --- [main] i.b.s.SpringbootProjectApplication       : No active profile set, falling back to 1 default profile: "default"
2023-12-21T09:17:34.556+07:00  INFO 23792 --- [main] o.s.b.w.embedded.tomcat.TomcatWebServer  : Tomcat initialized with port 8080 (http)
2023-12-21T09:17:34.574+07:00  INFO 23792 --- [main] o.apache.catalina.core.StandardService   : Starting service [Tomcat]
2023-12-21T09:17:34.575+07:00  INFO 23792 --- [main] o.apache.catalina.core.StandardEngine    : Starting Servlet engine: [Apache Tomcat/10.1.16]
2023-12-21T09:17:34.665+07:00  INFO 23792 --- [main] o.a.c.c.C.[Tomcat].[localhost].[/]       : Initializing Spring embedded WebApplicationContext
2023-12-21T09:17:34.666+07:00  INFO 23792 --- [main] w.s.c.ServletWebServerApplicationContext : Root WebApplicationContext: initialization completed in 1762 ms
2023-12-21T09:17:35.295+07:00  INFO 23792 --- [main] o.s.b.w.embedded.tomcat.TomcatWebServer  : Tomcat started on port 8080 (http) with context path ''
2023-12-21T09:17:35.305+07:00  INFO 23792 --- [main] i.b.s.SpringbootProjectApplication       : Started SpringbootProjectApplication in 3.143 seconds (process running for 3.572)
2023-12-21T09:18:29.336+07:00  INFO 23792 --- [http-nio-8080-exec-1] o.a.c.c.C.[Tomcat].[localhost].[/]       : Initializing Spring DispatcherServlet 'dispatcherServlet'
2023-12-21T09:18:29.336+07:00  INFO 23792 --- [http-nio-8080-exec-1] o.s.web.servlet.DispatcherServlet        : Initializing Servlet 'dispatcherServlet'
2023-12-21T09:18:29.354+07:00  INFO 23792 --- [http-nio-8080-exec-1] o.s.web.servlet.DispatcherServlet        : Completed initialization in 16 ms
2023-12-21T09:31:00.298+07:00  INFO 20656 --- [main] i.b.s.SpringbootProjectApplication       : Starting SpringbootProjectApplication using Java 17.0.9 with PID 20656 (C:\Users\oktav\web\springboot\springboot-project\target\classes started by oktav in C:\Users\oktav\web\springboot\springboot-project)
2023-12-21T09:31:00.304+07:00  INFO 20656 --- [main] i.b.s.SpringbootProjectApplication       : No active profile set, falling back to 1 default profile: "default"
2023-12-21T09:31:01.933+07:00  INFO 20656 --- [main] o.s.b.w.embedded.tomcat.TomcatWebServer  : Tomcat initialized with port 8080 (http)
2023-12-21T09:31:01.950+07:00  INFO 20656 --- [main] o.apache.catalina.core.StandardService   : Starting service [Tomcat]
2023-12-21T09:31:01.950+07:00  INFO 20656 --- [main] o.apache.catalina.core.StandardEngine    : Starting Servlet engine: [Apache Tomcat/10.1.16]
2023-12-21T09:31:02.050+07:00  INFO 20656 --- [main] o.a.c.c.C.[Tomcat].[localhost].[/]       : Initializing Spring embedded WebApplicationContext
2023-12-21T09:31:02.051+07:00  INFO 20656 --- [main] w.s.c.ServletWebServerApplicationContext : Root WebApplicationContext: initialization completed in 1643 ms
2023-12-21T09:31:02.886+07:00  INFO 20656 --- [main] o.s.b.w.embedded.tomcat.TomcatWebServer  : Tomcat started on port 8080 (http) with context path ''
2023-12-21T09:31:02.893+07:00  INFO 20656 --- [main] i.b.s.SpringbootProjectApplication       : Started SpringbootProjectApplication in 3.423 seconds (process running for 3.934)
2023-12-21T09:31:05.926+07:00  INFO 20656 --- [http-nio-8080-exec-1] o.a.c.c.C.[Tomcat].[localhost].[/]       : Initializing Spring DispatcherServlet 'dispatcherServlet'
2023-12-21T09:31:05.926+07:00  INFO 20656 --- [http-nio-8080-exec-1] o.s.web.servlet.DispatcherServlet        : Initializing Servlet 'dispatcherServlet'
2023-12-21T09:31:05.927+07:00  INFO 20656 --- [http-nio-8080-exec-1] o.s.web.servlet.DispatcherServlet        : Completed initialization in 1 ms
2023-12-21T09:54:11.161+07:00  INFO 24836 --- [main] i.b.s.SpringbootProjectApplication       : Starting SpringbootProjectApplication using Java 17.0.9 with PID 24836 (C:\Users\oktav\web\springboot\springboot-project\target\classes started by oktav in C:\Users\oktav\web\springboot\springboot-project)
2023-12-21T09:54:11.165+07:00  INFO 24836 --- [main] i.b.s.SpringbootProjectApplication       : No active profile set, falling back to 1 default profile: "default"
2023-12-21T09:54:12.763+07:00  INFO 24836 --- [main] o.s.b.w.embedded.tomcat.TomcatWebServer  : Tomcat initialized with port 8080 (http)
2023-12-21T09:54:12.771+07:00  INFO 24836 --- [main] o.apache.catalina.core.StandardService   : Starting service [Tomcat]
2023-12-21T09:54:12.771+07:00  INFO 24836 --- [main] o.apache.catalina.core.StandardEngine    : Starting Servlet engine: [Apache Tomcat/10.1.16]
2023-12-21T09:54:12.876+07:00  INFO 24836 --- [main] o.a.c.c.C.[Tomcat].[localhost].[/]       : Initializing Spring embedded WebApplicationContext
2023-12-21T09:54:12.877+07:00  INFO 24836 --- [main] w.s.c.ServletWebServerApplicationContext : Root WebApplicationContext: initialization completed in 1640 ms
2023-12-21T09:54:13.479+07:00  INFO 24836 --- [main] o.s.b.w.embedded.tomcat.TomcatWebServer  : Tomcat started on port 8080 (http) with context path ''
2023-12-21T09:54:13.487+07:00  INFO 24836 --- [main] i.b.s.SpringbootProjectApplication       : Started SpringbootProjectApplication in 3.045 seconds (process running for 3.54)
2023-12-21T09:54:15.684+07:00  INFO 24836 --- [http-nio-8080-exec-1] o.a.c.c.C.[Tomcat].[localhost].[/]       : Initializing Spring DispatcherServlet 'dispatcherServlet'
2023-12-21T09:54:15.685+07:00  INFO 24836 --- [http-nio-8080-exec-1] o.s.web.servlet.DispatcherServlet        : Initializing Servlet 'dispatcherServlet'
2023-12-21T09:54:15.696+07:00  INFO 24836 --- [http-nio-8080-exec-1] o.s.web.servlet.DispatcherServlet        : Completed initialization in 11 ms
2023-12-21T11:31:03.716+07:00  INFO 22940 --- [main] i.b.s.SpringbootProjectApplication       : Starting SpringbootProjectApplication using Java 17.0.9 with PID 22940 (C:\Users\oktav\web\springboot\springboot-project\target\classes started by oktav in C:\Users\oktav\web\springboot\springboot-project)
2023-12-21T11:31:03.719+07:00  INFO 22940 --- [main] i.b.s.SpringbootProjectApplication       : No active profile set, falling back to 1 default profile: "default"
2023-12-21T11:31:04.905+07:00  INFO 22940 --- [main] o.s.b.w.embedded.tomcat.TomcatWebServer  : Tomcat initialized with port 8080 (http)
2023-12-21T11:31:04.920+07:00  INFO 22940 --- [main] o.apache.catalina.core.StandardService   : Starting service [Tomcat]
2023-12-21T11:31:04.920+07:00  INFO 22940 --- [main] o.apache.catalina.core.StandardEngine    : Starting Servlet engine: [Apache Tomcat/10.1.16]
2023-12-21T11:31:05.007+07:00  INFO 22940 --- [main] o.a.c.c.C.[Tomcat].[localhost].[/]       : Initializing Spring embedded WebApplicationContext
2023-12-21T11:31:05.008+07:00  INFO 22940 --- [main] w.s.c.ServletWebServerApplicationContext : Root WebApplicationContext: initialization completed in 1240 ms
2023-12-21T11:31:05.487+07:00  INFO 22940 --- [main] o.s.b.w.embedded.tomcat.TomcatWebServer  : Tomcat started on port 8080 (http) with context path ''
2023-12-21T11:31:05.496+07:00  INFO 22940 --- [main] i.b.s.SpringbootProjectApplication       : Started SpringbootProjectApplication in 2.217 seconds (process running for 2.515)
2023-12-21T11:31:46.552+07:00  INFO 22940 --- [http-nio-8080-exec-1] o.a.c.c.C.[Tomcat].[localhost].[/]       : Initializing Spring DispatcherServlet 'dispatcherServlet'
2023-12-21T11:31:46.553+07:00  INFO 22940 --- [http-nio-8080-exec-1] o.s.web.servlet.DispatcherServlet        : Initializing Servlet 'dispatcherServlet'
2023-12-21T11:31:46.554+07:00  INFO 22940 --- [http-nio-8080-exec-1] o.s.web.servlet.DispatcherServlet        : Completed initialization in 1 ms
2023-12-21T11:35:29.180+07:00  WARN 22940 --- [http-nio-8080-exec-5] .w.s.m.s.DefaultHandlerExceptionResolver : Resolved [org.springframework.http.converter.HttpMessageNotReadableException: JSON parse error: Unexpected character ('}' (code 125)): was expecting double-quote to start field name]
2023-12-21T11:35:39.701+07:00  INFO 22796 --- [main] i.b.s.SpringbootProjectApplication       : Starting SpringbootProjectApplication using Java 17.0.9 with PID 22796 (C:\Users\oktav\web\springboot\springboot-project\target\classes started by oktav in C:\Users\oktav\web\springboot\springboot-project)
2023-12-21T11:35:39.707+07:00  INFO 22796 --- [main] i.b.s.SpringbootProjectApplication       : No active profile set, falling back to 1 default profile: "default"
2023-12-21T11:35:40.993+07:00  INFO 22796 --- [main] o.s.b.w.embedded.tomcat.TomcatWebServer  : Tomcat initialized with port 8080 (http)
2023-12-21T11:35:41.001+07:00  INFO 22796 --- [main] o.apache.catalina.core.StandardService   : Starting service [Tomcat]
2023-12-21T11:35:41.002+07:00  INFO 22796 --- [main] o.apache.catalina.core.StandardEngine    : Starting Servlet engine: [Apache Tomcat/10.1.16]
2023-12-21T11:35:41.071+07:00  INFO 22796 --- [main] o.a.c.c.C.[Tomcat].[localhost].[/]       : Initializing Spring embedded WebApplicationContext
2023-12-21T11:35:41.072+07:00  INFO 22796 --- [main] w.s.c.ServletWebServerApplicationContext : Root WebApplicationContext: initialization completed in 1286 ms
2023-12-21T11:35:41.594+07:00  INFO 22796 --- [main] o.s.b.w.embedded.tomcat.TomcatWebServer  : Tomcat started on port 8080 (http) with context path ''
2023-12-21T11:35:41.601+07:00  INFO 22796 --- [main] i.b.s.SpringbootProjectApplication       : Started SpringbootProjectApplication in 2.473 seconds (process running for 2.797)
2023-12-21T11:36:01.270+07:00  INFO 22796 --- [http-nio-8080-exec-3] o.a.c.c.C.[Tomcat].[localhost].[/]       : Initializing Spring DispatcherServlet 'dispatcherServlet'
2023-12-21T11:36:01.271+07:00  INFO 22796 --- [http-nio-8080-exec-3] o.s.web.servlet.DispatcherServlet        : Initializing Servlet 'dispatcherServlet'
2023-12-21T11:36:01.272+07:00  INFO 22796 --- [http-nio-8080-exec-3] o.s.web.servlet.DispatcherServlet        : Completed initialization in 0 ms
2023-12-21T11:36:04.722+07:00  WARN 22796 --- [http-nio-8080-exec-10] .w.s.m.s.DefaultHandlerExceptionResolver : Resolved [org.springframework.http.converter.HttpMessageNotReadableException: JSON parse error: Unexpected character ('}' (code 125)): was expecting double-quote to start field name]
2023-12-21T11:40:53.164+07:00  INFO 17396 --- [main] i.b.s.SpringbootProjectApplication       : Starting SpringbootProjectApplication using Java 17.0.9 with PID 17396 (C:\Users\oktav\web\springboot\springboot-project\target\classes started by oktav in C:\Users\oktav\web\springboot\springboot-project)
2023-12-21T11:40:53.170+07:00  INFO 17396 --- [main] i.b.s.SpringbootProjectApplication       : No active profile set, falling back to 1 default profile: "default"
2023-12-21T11:40:54.420+07:00  INFO 17396 --- [main] o.s.b.w.embedded.tomcat.TomcatWebServer  : Tomcat initialized with port 8080 (http)
2023-12-21T11:40:54.435+07:00  INFO 17396 --- [main] o.apache.catalina.core.StandardService   : Starting service [Tomcat]
2023-12-21T11:40:54.435+07:00  INFO 17396 --- [main] o.apache.catalina.core.StandardEngine    : Starting Servlet engine: [Apache Tomcat/10.1.16]
2023-12-21T11:40:54.500+07:00  INFO 17396 --- [main] o.a.c.c.C.[Tomcat].[localhost].[/]       : Initializing Spring embedded WebApplicationContext
2023-12-21T11:40:54.501+07:00  INFO 17396 --- [main] w.s.c.ServletWebServerApplicationContext : Root WebApplicationContext: initialization completed in 1274 ms
2023-12-21T11:40:55.033+07:00  INFO 17396 --- [main] o.s.b.w.embedded.tomcat.TomcatWebServer  : Tomcat started on port 8080 (http) with context path ''
2023-12-21T11:40:55.041+07:00  INFO 17396 --- [main] i.b.s.SpringbootProjectApplication       : Started SpringbootProjectApplication in 2.346 seconds (process running for 2.691)
2023-12-21T11:41:14.502+07:00  INFO 17396 --- [http-nio-8080-exec-2] o.a.c.c.C.[Tomcat].[localhost].[/]       : Initializing Spring DispatcherServlet 'dispatcherServlet'
2023-12-21T11:41:14.503+07:00  INFO 17396 --- [http-nio-8080-exec-2] o.s.web.servlet.DispatcherServlet        : Initializing Servlet 'dispatcherServlet'
2023-12-21T11:41:14.504+07:00  INFO 17396 --- [http-nio-8080-exec-2] o.s.web.servlet.DispatcherServlet        : Completed initialization in 0 ms
2023-12-21T11:42:04.913+07:00  INFO 23504 --- [main] i.b.s.SpringbootProjectApplication       : Starting SpringbootProjectApplication using Java 17.0.9 with PID 23504 (C:\Users\oktav\web\springboot\springboot-project\target\classes started by oktav in C:\Users\oktav\web\springboot\springboot-project)
2023-12-21T11:42:04.916+07:00  INFO 23504 --- [main] i.b.s.SpringbootProjectApplication       : No active profile set, falling back to 1 default profile: "default"
2023-12-21T11:42:06.133+07:00  INFO 23504 --- [main] o.s.b.w.embedded.tomcat.TomcatWebServer  : Tomcat initialized with port 8080 (http)
2023-12-21T11:42:06.140+07:00  INFO 23504 --- [main] o.apache.catalina.core.StandardService   : Starting service [Tomcat]
2023-12-21T11:42:06.140+07:00  INFO 23504 --- [main] o.apache.catalina.core.StandardEngine    : Starting Servlet engine: [Apache Tomcat/10.1.16]
2023-12-21T11:42:06.206+07:00  INFO 23504 --- [main] o.a.c.c.C.[Tomcat].[localhost].[/]       : Initializing Spring embedded WebApplicationContext
2023-12-21T11:42:06.207+07:00  INFO 23504 --- [main] w.s.c.ServletWebServerApplicationContext : Root WebApplicationContext: initialization completed in 1231 ms
2023-12-21T11:42:06.844+07:00  INFO 23504 --- [main] o.s.b.w.embedded.tomcat.TomcatWebServer  : Tomcat started on port 8080 (http) with context path ''
2023-12-21T11:42:06.854+07:00  INFO 23504 --- [main] i.b.s.SpringbootProjectApplication       : Started SpringbootProjectApplication in 2.46 seconds (process running for 2.764)
2023-12-21T11:42:12.290+07:00  INFO 23504 --- [http-nio-8080-exec-1] o.a.c.c.C.[Tomcat].[localhost].[/]       : Initializing Spring DispatcherServlet 'dispatcherServlet'
2023-12-21T11:42:12.291+07:00  INFO 23504 --- [http-nio-8080-exec-1] o.s.web.servlet.DispatcherServlet        : Initializing Servlet 'dispatcherServlet'
2023-12-21T11:42:12.292+07:00  INFO 23504 --- [http-nio-8080-exec-1] o.s.web.servlet.DispatcherServlet        : Completed initialization in 1 ms
2023-12-21T11:43:37.820+07:00  INFO 10740 --- [main] i.b.s.SpringbootProjectApplication       : Starting SpringbootProjectApplication using Java 17.0.9 with PID 10740 (C:\Users\oktav\web\springboot\springboot-project\target\classes started by oktav in C:\Users\oktav\web\springboot\springboot-project)
2023-12-21T11:43:37.824+07:00  INFO 10740 --- [main] i.b.s.SpringbootProjectApplication       : No active profile set, falling back to 1 default profile: "default"
2023-12-21T11:43:39.105+07:00  INFO 10740 --- [main] o.s.b.w.embedded.tomcat.TomcatWebServer  : Tomcat initialized with port 8080 (http)
2023-12-21T11:43:39.116+07:00  INFO 10740 --- [main] o.apache.catalina.core.StandardService   : Starting service [Tomcat]
2023-12-21T11:43:39.116+07:00  INFO 10740 --- [main] o.apache.catalina.core.StandardEngine    : Starting Servlet engine: [Apache Tomcat/10.1.16]
2023-12-21T11:43:39.206+07:00  INFO 10740 --- [main] o.a.c.c.C.[Tomcat].[localhost].[/]       : Initializing Spring embedded WebApplicationContext
2023-12-21T11:43:39.206+07:00  INFO 10740 --- [main] w.s.c.ServletWebServerApplicationContext : Root WebApplicationContext: initialization completed in 1307 ms
2023-12-21T11:43:39.820+07:00  INFO 10740 --- [main] o.s.b.w.embedded.tomcat.TomcatWebServer  : Tomcat started on port 8080 (http) with context path ''
2023-12-21T11:43:39.826+07:00  INFO 10740 --- [main] i.b.s.SpringbootProjectApplication       : Started SpringbootProjectApplication in 2.546 seconds (process running for 2.861)
2023-12-21T11:43:43.783+07:00  INFO 10740 --- [http-nio-8080-exec-1] o.a.c.c.C.[Tomcat].[localhost].[/]       : Initializing Spring DispatcherServlet 'dispatcherServlet'
2023-12-21T11:43:43.783+07:00  INFO 10740 --- [http-nio-8080-exec-1] o.s.web.servlet.DispatcherServlet        : Initializing Servlet 'dispatcherServlet'
2023-12-21T11:43:43.784+07:00  INFO 10740 --- [http-nio-8080-exec-1] o.s.web.servlet.DispatcherServlet        : Completed initialization in 1 ms
2023-12-21T11:44:12.326+07:00  INFO 20972 --- [main] i.b.s.SpringbootProjectApplication       : Starting SpringbootProjectApplication using Java 17.0.9 with PID 20972 (C:\Users\oktav\web\springboot\springboot-project\target\classes started by oktav in C:\Users\oktav\web\springboot\springboot-project)
2023-12-21T11:44:12.329+07:00  INFO 20972 --- [main] i.b.s.SpringbootProjectApplication       : No active profile set, falling back to 1 default profile: "default"
2023-12-21T11:44:13.509+07:00  INFO 20972 --- [main] o.s.b.w.embedded.tomcat.TomcatWebServer  : Tomcat initialized with port 8080 (http)
2023-12-21T11:44:13.516+07:00  INFO 20972 --- [main] o.apache.catalina.core.StandardService   : Starting service [Tomcat]
2023-12-21T11:44:13.517+07:00  INFO 20972 --- [main] o.apache.catalina.core.StandardEngine    : Starting Servlet engine: [Apache Tomcat/10.1.16]
2023-12-21T11:44:13.573+07:00  INFO 20972 --- [main] o.a.c.c.C.[Tomcat].[localhost].[/]       : Initializing Spring embedded WebApplicationContext
2023-12-21T11:44:13.573+07:00  INFO 20972 --- [main] w.s.c.ServletWebServerApplicationContext : Root WebApplicationContext: initialization completed in 1185 ms
2023-12-21T11:44:14.153+07:00  INFO 20972 --- [main] o.s.b.w.embedded.tomcat.TomcatWebServer  : Tomcat started on port 8080 (http) with context path ''
2023-12-21T11:44:14.162+07:00  INFO 20972 --- [main] i.b.s.SpringbootProjectApplication       : Started SpringbootProjectApplication in 2.325 seconds (process running for 2.618)
2023-12-21T11:44:19.790+07:00  INFO 20972 --- [http-nio-8080-exec-1] o.a.c.c.C.[Tomcat].[localhost].[/]       : Initializing Spring DispatcherServlet 'dispatcherServlet'
2023-12-21T11:44:19.790+07:00  INFO 20972 --- [http-nio-8080-exec-1] o.s.web.servlet.DispatcherServlet        : Initializing Servlet 'dispatcherServlet'
2023-12-21T11:44:19.791+07:00  INFO 20972 --- [http-nio-8080-exec-1] o.s.web.servlet.DispatcherServlet        : Completed initialization in 0 ms
2023-12-21T11:44:49.024+07:00  WARN 20972 --- [http-nio-8080-exec-8] .w.s.m.s.DefaultHandlerExceptionResolver : Resolved [org.springframework.web.method.annotation.MethodArgumentTypeMismatchException: Failed to convert value of type 'java.lang.String' to required type 'java.lang.Long'; For input string: "findReservationName"]
2023-12-21T11:47:31.978+07:00  INFO 3044 --- [main] i.b.s.SpringbootProjectApplication       : Starting SpringbootProjectApplication using Java 17.0.9 with PID 3044 (C:\Users\oktav\web\springboot\springboot-project\target\classes started by oktav in C:\Users\oktav\web\springboot\springboot-project)
2023-12-21T11:47:31.982+07:00  INFO 3044 --- [main] i.b.s.SpringbootProjectApplication       : No active profile set, falling back to 1 default profile: "default"
2023-12-21T11:47:33.283+07:00  INFO 3044 --- [main] o.s.b.w.embedded.tomcat.TomcatWebServer  : Tomcat initialized with port 8080 (http)
2023-12-21T11:47:33.296+07:00  INFO 3044 --- [main] o.apache.catalina.core.StandardService   : Starting service [Tomcat]
2023-12-21T11:47:33.296+07:00  INFO 3044 --- [main] o.apache.catalina.core.StandardEngine    : Starting Servlet engine: [Apache Tomcat/10.1.16]
2023-12-21T11:47:33.381+07:00  INFO 3044 --- [main] o.a.c.c.C.[Tomcat].[localhost].[/]       : Initializing Spring embedded WebApplicationContext
2023-12-21T11:47:33.382+07:00  INFO 3044 --- [main] w.s.c.ServletWebServerApplicationContext : Root WebApplicationContext: initialization completed in 1348 ms
2023-12-21T11:47:33.918+07:00  INFO 3044 --- [main] o.s.b.w.embedded.tomcat.TomcatWebServer  : Tomcat started on port 8080 (http) with context path ''
2023-12-21T11:47:33.926+07:00  INFO 3044 --- [main] i.b.s.SpringbootProjectApplication       : Started SpringbootProjectApplication in 2.404 seconds (process running for 2.73)
2023-12-21T11:49:27.621+07:00  INFO 3044 --- [http-nio-8080-exec-1] o.a.c.c.C.[Tomcat].[localhost].[/]       : Initializing Spring DispatcherServlet 'dispatcherServlet'
2023-12-21T11:49:27.621+07:00  INFO 3044 --- [http-nio-8080-exec-1] o.s.web.servlet.DispatcherServlet        : Initializing Servlet 'dispatcherServlet'
2023-12-21T11:49:27.622+07:00  INFO 3044 --- [http-nio-8080-exec-1] o.s.web.servlet.DispatcherServlet        : Completed initialization in 1 ms
2023-12-21T11:50:51.494+07:00  INFO 13880 --- [main] i.b.s.SpringbootProjectApplication       : Starting SpringbootProjectApplication using Java 17.0.9 with PID 13880 (C:\Users\oktav\web\springboot\springboot-project\target\classes started by oktav in C:\Users\oktav\web\springboot\springboot-project)
2023-12-21T11:50:51.499+07:00  INFO 13880 --- [main] i.b.s.SpringbootProjectApplication       : No active profile set, falling back to 1 default profile: "default"
2023-12-21T11:50:52.638+07:00  INFO 13880 --- [main] o.s.b.w.embedded.tomcat.TomcatWebServer  : Tomcat initialized with port 8080 (http)
2023-12-21T11:50:52.645+07:00  INFO 13880 --- [main] o.apache.catalina.core.StandardService   : Starting service [Tomcat]
2023-12-21T11:50:52.645+07:00  INFO 13880 --- [main] o.apache.catalina.core.StandardEngine    : Starting Servlet engine: [Apache Tomcat/10.1.16]
2023-12-21T11:50:52.713+07:00  INFO 13880 --- [main] o.a.c.c.C.[Tomcat].[localhost].[/]       : Initializing Spring embedded WebApplicationContext
2023-12-21T11:50:52.714+07:00  INFO 13880 --- [main] w.s.c.ServletWebServerApplicationContext : Root WebApplicationContext: initialization completed in 1162 ms
2023-12-21T11:50:53.192+07:00  INFO 13880 --- [main] o.s.b.w.embedded.tomcat.TomcatWebServer  : Tomcat started on port 8080 (http) with context path ''
2023-12-21T11:50:53.203+07:00  INFO 13880 --- [main] i.b.s.SpringbootProjectApplication       : Started SpringbootProjectApplication in 2.157 seconds (process running for 2.475)
2023-12-21T11:50:58.532+07:00  INFO 13880 --- [http-nio-8080-exec-1] o.a.c.c.C.[Tomcat].[localhost].[/]       : Initializing Spring DispatcherServlet 'dispatcherServlet'
2023-12-21T11:50:58.532+07:00  INFO 13880 --- [http-nio-8080-exec-1] o.s.web.servlet.DispatcherServlet        : Initializing Servlet 'dispatcherServlet'
2023-12-21T11:50:58.532+07:00  INFO 13880 --- [http-nio-8080-exec-1] o.s.web.servlet.DispatcherServlet        : Completed initialization in 0 ms
2023-12-21T11:51:20.415+07:00  INFO 24256 --- [main] i.b.s.SpringbootProjectApplication       : Starting SpringbootProjectApplication using Java 17.0.9 with PID 24256 (C:\Users\oktav\web\springboot\springboot-project\target\classes started by oktav in C:\Users\oktav\web\springboot\springboot-project)
2023-12-21T11:51:20.419+07:00  INFO 24256 --- [main] i.b.s.SpringbootProjectApplication       : No active profile set, falling back to 1 default profile: "default"
2023-12-21T11:51:21.627+07:00  INFO 24256 --- [main] o.s.b.w.embedded.tomcat.TomcatWebServer  : Tomcat initialized with port 8080 (http)
2023-12-21T11:51:21.635+07:00  INFO 24256 --- [main] o.apache.catalina.core.StandardService   : Starting service [Tomcat]
2023-12-21T11:51:21.635+07:00  INFO 24256 --- [main] o.apache.catalina.core.StandardEngine    : Starting Servlet engine: [Apache Tomcat/10.1.16]
2023-12-21T11:51:21.690+07:00  INFO 24256 --- [main] o.a.c.c.C.[Tomcat].[localhost].[/]       : Initializing Spring embedded WebApplicationContext
2023-12-21T11:51:21.691+07:00  INFO 24256 --- [main] w.s.c.ServletWebServerApplicationContext : Root WebApplicationContext: initialization completed in 1215 ms
2023-12-21T11:51:22.150+07:00  INFO 24256 --- [main] o.s.b.w.embedded.tomcat.TomcatWebServer  : Tomcat started on port 8080 (http) with context path ''
2023-12-21T11:51:22.158+07:00  INFO 24256 --- [main] i.b.s.SpringbootProjectApplication       : Started SpringbootProjectApplication in 2.186 seconds (process running for 2.476)
2023-12-21T11:51:43.510+07:00  INFO 24256 --- [http-nio-8080-exec-1] o.a.c.c.C.[Tomcat].[localhost].[/]       : Initializing Spring DispatcherServlet 'dispatcherServlet'
2023-12-21T11:51:43.511+07:00  INFO 24256 --- [http-nio-8080-exec-1] o.s.web.servlet.DispatcherServlet        : Initializing Servlet 'dispatcherServlet'
2023-12-21T11:51:43.511+07:00  INFO 24256 --- [http-nio-8080-exec-1] o.s.web.servlet.DispatcherServlet        : Completed initialization in 0 ms
2023-12-21T11:54:56.549+07:00  INFO 12664 --- [main] i.b.s.SpringbootProjectApplication       : Starting SpringbootProjectApplication using Java 17.0.9 with PID 12664 (C:\Users\oktav\web\springboot\springboot-project\target\classes started by oktav in C:\Users\oktav\web\springboot\springboot-project)
2023-12-21T11:54:56.554+07:00  INFO 12664 --- [main] i.b.s.SpringbootProjectApplication       : No active profile set, falling back to 1 default profile: "default"
2023-12-21T11:54:58.779+07:00  INFO 12664 --- [main] o.s.b.w.embedded.tomcat.TomcatWebServer  : Tomcat initialized with port 8080 (http)
2023-12-21T11:54:58.805+07:00  INFO 12664 --- [main] o.apache.catalina.core.StandardService   : Starting service [Tomcat]
2023-12-21T11:54:58.806+07:00  INFO 12664 --- [main] o.apache.catalina.core.StandardEngine    : Starting Servlet engine: [Apache Tomcat/10.1.16]
2023-12-21T11:54:58.937+07:00  INFO 12664 --- [main] o.a.c.c.C.[Tomcat].[localhost].[/]       : Initializing Spring embedded WebApplicationContext
2023-12-21T11:54:58.937+07:00  INFO 12664 --- [main] w.s.c.ServletWebServerApplicationContext : Root WebApplicationContext: initialization completed in 2275 ms
2023-12-21T11:54:59.822+07:00  INFO 12664 --- [main] o.s.b.w.embedded.tomcat.TomcatWebServer  : Tomcat started on port 8080 (http) with context path ''
2023-12-21T11:54:59.837+07:00  INFO 12664 --- [main] i.b.s.SpringbootProjectApplication       : Started SpringbootProjectApplication in 4.043 seconds (process running for 5.413)
2023-12-21T11:55:11.298+07:00  INFO 12664 --- [http-nio-8080-exec-2] o.a.c.c.C.[Tomcat].[localhost].[/]       : Initializing Spring DispatcherServlet 'dispatcherServlet'
2023-12-21T11:55:11.299+07:00  INFO 12664 --- [http-nio-8080-exec-2] o.s.web.servlet.DispatcherServlet        : Initializing Servlet 'dispatcherServlet'
2023-12-21T11:55:11.300+07:00  INFO 12664 --- [http-nio-8080-exec-2] o.s.web.servlet.DispatcherServlet        : Completed initialization in 1 ms
2023-12-21T11:59:33.660+07:00  INFO 15456 --- [main] i.b.s.SpringbootProjectApplication       : Starting SpringbootProjectApplication using Java 17.0.9 with PID 15456 (C:\Users\oktav\web\springboot\springboot-project\target\classes started by oktav in C:\Users\oktav\web\springboot\springboot-project)
2023-12-21T11:59:33.663+07:00  INFO 15456 --- [main] i.b.s.SpringbootProjectApplication       : No active profile set, falling back to 1 default profile: "default"
2023-12-21T11:59:35.413+07:00  INFO 15456 --- [main] o.s.b.w.embedded.tomcat.TomcatWebServer  : Tomcat initialized with port 8080 (http)
2023-12-21T11:59:35.428+07:00  INFO 15456 --- [main] o.apache.catalina.core.StandardService   : Starting service [Tomcat]
2023-12-21T11:59:35.428+07:00  INFO 15456 --- [main] o.apache.catalina.core.StandardEngine    : Starting Servlet engine: [Apache Tomcat/10.1.16]
2023-12-21T11:59:35.544+07:00  INFO 15456 --- [main] o.a.c.c.C.[Tomcat].[localhost].[/]       : Initializing Spring embedded WebApplicationContext
2023-12-21T11:59:35.545+07:00  INFO 15456 --- [main] w.s.c.ServletWebServerApplicationContext : Root WebApplicationContext: initialization completed in 1803 ms
2023-12-21T11:59:36.162+07:00  INFO 15456 --- [main] o.s.b.w.embedded.tomcat.TomcatWebServer  : Tomcat started on port 8080 (http) with context path ''
2023-12-21T11:59:36.170+07:00  INFO 15456 --- [main] i.b.s.SpringbootProjectApplication       : Started SpringbootProjectApplication in 3.188 seconds (process running for 3.678)
2023-12-21T11:59:41.141+07:00  INFO 15456 --- [http-nio-8080-exec-1] o.a.c.c.C.[Tomcat].[localhost].[/]       : Initializing Spring DispatcherServlet 'dispatcherServlet'
2023-12-21T11:59:41.141+07:00  INFO 15456 --- [http-nio-8080-exec-1] o.s.web.servlet.DispatcherServlet        : Initializing Servlet 'dispatcherServlet'
2023-12-21T11:59:41.142+07:00  INFO 15456 --- [http-nio-8080-exec-1] o.s.web.servlet.DispatcherServlet        : Completed initialization in 0 ms
2023-12-21T12:54:05.092+07:00  INFO 8740 --- [main] i.b.s.SpringbootProjectApplication       : Starting SpringbootProjectApplication using Java 17.0.9 with PID 8740 (C:\Users\oktav\web\springboot\springboot-project\target\classes started by oktav in C:\Users\oktav\web\springboot\springboot-project)
2023-12-21T12:54:05.099+07:00  INFO 8740 --- [main] i.b.s.SpringbootProjectApplication       : No active profile set, falling back to 1 default profile: "default"
2023-12-21T12:54:06.152+07:00  INFO 8740 --- [main] o.s.b.w.embedded.tomcat.TomcatWebServer  : Tomcat initialized with port 8080 (http)
2023-12-21T12:54:06.163+07:00  INFO 8740 --- [main] o.apache.catalina.core.StandardService   : Starting service [Tomcat]
2023-12-21T12:54:06.163+07:00  INFO 8740 --- [main] o.apache.catalina.core.StandardEngine    : Starting Servlet engine: [Apache Tomcat/10.1.16]
2023-12-21T12:54:06.236+07:00  INFO 8740 --- [main] o.a.c.c.C.[Tomcat].[localhost].[/]       : Initializing Spring embedded WebApplicationContext
2023-12-21T12:54:06.236+07:00  INFO 8740 --- [main] w.s.c.ServletWebServerApplicationContext : Root WebApplicationContext: initialization completed in 1075 ms
2023-12-21T12:54:06.751+07:00  INFO 8740 --- [main] o.s.b.w.embedded.tomcat.TomcatWebServer  : Tomcat started on port 8080 (http) with context path ''
2023-12-21T12:54:06.758+07:00  INFO 8740 --- [main] i.b.s.SpringbootProjectApplication       : Started SpringbootProjectApplication in 2.131 seconds (process running for 2.435)
2023-12-21T12:54:12.242+07:00  INFO 27044 --- [main] i.b.s.SpringbootProjectApplication       : Starting SpringbootProjectApplication using Java 17.0.9 with PID 27044 (C:\Users\oktav\web\springboot\springboot-project\target\classes started by oktav in C:\Users\oktav\web\springboot\springboot-project)
2023-12-21T12:54:12.244+07:00  INFO 27044 --- [main] i.b.s.SpringbootProjectApplication       : No active profile set, falling back to 1 default profile: "default"
2023-12-21T12:54:13.340+07:00  INFO 27044 --- [main] o.s.b.w.embedded.tomcat.TomcatWebServer  : Tomcat initialized with port 8080 (http)
2023-12-21T12:54:13.351+07:00  INFO 27044 --- [main] o.apache.catalina.core.StandardService   : Starting service [Tomcat]
2023-12-21T12:54:13.352+07:00  INFO 27044 --- [main] o.apache.catalina.core.StandardEngine    : Starting Servlet engine: [Apache Tomcat/10.1.16]
2023-12-21T12:54:13.456+07:00  INFO 27044 --- [main] o.a.c.c.C.[Tomcat].[localhost].[/]       : Initializing Spring embedded WebApplicationContext
2023-12-21T12:54:13.456+07:00  INFO 27044 --- [main] w.s.c.ServletWebServerApplicationContext : Root WebApplicationContext: initialization completed in 1156 ms
2023-12-21T12:54:13.952+07:00  INFO 27044 --- [main] o.s.b.w.embedded.tomcat.TomcatWebServer  : Tomcat started on port 8080 (http) with context path ''
2023-12-21T12:54:13.963+07:00  INFO 27044 --- [main] i.b.s.SpringbootProjectApplication       : Started SpringbootProjectApplication in 2.202 seconds (process running for 2.539)
2023-12-21T12:54:24.176+07:00  INFO 27044 --- [http-nio-8080-exec-1] o.a.c.c.C.[Tomcat].[localhost].[/]       : Initializing Spring DispatcherServlet 'dispatcherServlet'
2023-12-21T12:54:24.176+07:00  INFO 27044 --- [http-nio-8080-exec-1] o.s.web.servlet.DispatcherServlet        : Initializing Servlet 'dispatcherServlet'
2023-12-21T12:54:24.177+07:00  INFO 27044 --- [http-nio-8080-exec-1] o.s.web.servlet.DispatcherServlet        : Completed initialization in 1 ms
